c:\prj\ocv\vs\gtruth\stereo\stereo\x64\release\stereo.pch
c:\prj\ocv\vs\gtruth\stereo\stereo\x64\release\vc141.pdb
c:\prj\ocv\vs\gtruth\stereo\stereo\x64\release\stdafx.obj
c:\prj\ocv\vs\gtruth\stereo\stereo\x64\release\stereo_output.obj
c:\prj\ocv\vs\gtruth\stereo\stereo\x64\release\stereo_input.obj
c:\prj\ocv\vs\gtruth\stereo\stereo\x64\release\stereo.obj
c:\prj\ocv\vs\gtruth\stereo\stereo\x64\release\localize_input.obj
c:\prj\ocv\vs\gtruth\stereo\stereo\x64\release\localize.obj
c:\prj\02-zim\repo\gtruth\workspace\src\stereo\stereo\x64\release\stereo.pch
c:\prj\02-zim\repo\gtruth\workspace\src\stereo\stereo\x64\release\vc141.pdb
c:\prj\02-zim\repo\gtruth\workspace\src\stereo\stereo\x64\release\stdafx.obj
c:\prj\02-zim\repo\gtruth\workspace\src\stereo\stereo\x64\release\stereo_output.obj
c:\prj\02-zim\repo\gtruth\workspace\src\stereo\stereo\x64\release\stereo_input.obj
c:\prj\02-zim\repo\gtruth\workspace\src\stereo\stereo\x64\release\stereo.obj
c:\prj\02-zim\repo\gtruth\workspace\src\stereo\stereo\x64\release\localize_input.obj
c:\prj\02-zim\repo\gtruth\workspace\src\stereo\stereo\x64\release\localize.obj
c:\prj\ocv\vs\gtruth\stereo\x64\release\stereo.exe
c:\prj\ocv\vs\gtruth\stereo\x64\release\stereo.pdb
c:\prj\ocv\vs\gtruth\stereo\x64\release\stereo.ipdb
c:\prj\ocv\vs\gtruth\stereo\x64\release\stereo.iobj
c:\prj\02-zim\repo\gtruth\workspace\src\stereo\x64\release\stereo.ipdb
c:\prj\02-zim\repo\gtruth\workspace\src\stereo\x64\release\stereo.iobj
c:\prj\02-zim\repo\gtruth\workspace\src\stereo\x64\release\stereo.pdb
c:\prj\02-zim\repo\gtruth\workspace\src\stereo\stereo\x64\release\stereo.tlog\cl.command.1.tlog
c:\prj\02-zim\repo\gtruth\workspace\src\stereo\stereo\x64\release\stereo.tlog\cl.read.1.tlog
c:\prj\02-zim\repo\gtruth\workspace\src\stereo\stereo\x64\release\stereo.tlog\cl.write.1.tlog
c:\prj\02-zim\repo\gtruth\workspace\src\stereo\stereo\x64\release\stereo.tlog\link.command.1.tlog
c:\prj\02-zim\repo\gtruth\workspace\src\stereo\stereo\x64\release\stereo.tlog\link.read.1.tlog
c:\prj\02-zim\repo\gtruth\workspace\src\stereo\stereo\x64\release\stereo.tlog\link.write.1.tlog
c:\prj\02-zim\repo\gtruth\workspace\src\stereo\stereo\x64\release\stereo.tlog\stereo.write.1u.tlog
